e:\курсач\курс\курс\x64\debug\vc143.pdb
e:\курсач\курс\курс\x64\debug\vc143.idb
e:\курсач\курс\курс\x64\debug\курс.obj
e:\курсач\курс\курс\x64\debug\study_info.obj
e:\курсач\курс\курс\x64\debug\student_info.obj
e:\курсач\курс\курс\x64\debug\student_fn.obj
e:\курсач\курс\курс\x64\debug\student_bd.obj
e:\курсач\курс\курс\x64\debug\source.obj
e:\курсач\курс\курс\x64\debug\grades.obj
e:\курсач\курс\курс\x64\debug\checks.obj
e:\курсач\курс\курс\x64\debug\list.obj
e:\курсач\курс\курс\x64\debug\курс.obj.enc
e:\курсач\курс\x64\debug\курс.pdb
e:\курсач\курс\курс\x64\debug\курс.tlog\cl.read.1.tlog
e:\курсач\курс\курс\x64\debug\курс.tlog\cl.command.1.tlog
e:\курсач\курс\курс\x64\debug\курс.tlog\link.command.1.tlog
e:\курсач\курс\курс\x64\debug\курс.tlog\link.read.1.tlog
e:\курсач\курс\курс\x64\debug\курс.tlog\cl.write.1.tlog
e:\курсач\курс\курс\x64\debug\курс.tlog\link.26188-rc.read.1.tlog
e:\курсач\курс\курс\x64\debug\курс.tlog\link.26188-rc.write.1.tlog
e:\курсач\курс\курс\x64\debug\курс.tlog\link.26188-cvtres.read.1.tlog
e:\курсач\курс\курс\x64\debug\курс.tlog\link.write.1.tlog
e:\курсач\курс\курс\x64\debug\курс.tlog\link.26188-cvtres.write.1.tlog
e:\курсач\курс\курс\x64\debug\курс.tlog\link.26188.read.2.tlog
e:\курсач\курс\курс\x64\debug\курс.tlog\link.26188.read.1.tlog
e:\курсач\курс\курс\x64\debug\курс.tlog\link.26188.write.1.tlog
e:\курсач\курс\курс\x64\debug\курс.tlog\link-rc.read.1.tlog
e:\курсач\курс\курс\x64\debug\курс.tlog\link-rc.write.1.tlog
e:\курсач\курс\курс\x64\debug\курс.tlog\link-cvtres.read.1.tlog
e:\курсач\курс\курс\x64\debug\курс.tlog\link-cvtres.write.1.tlog
e:\курсач\курс\курс\x64\debug\курс.tlog\link.read.2.tlog
